<!--
 file generated by qgraf-3.6.5

  output= 'output.out' ;
  style= 'tmp.sty' ;
  model = 'tmp.model';
  in= i28533896172696947i[p1], i111460582454643i[p2];
  out= i117i[p3], i504111456626i[p4], i103i[p5];
  loops= 0;
  loop_momentum= l;
  options= notadpole,onshell;


 You must add x= and y= with suitable vertex positions.
 Some lines may need manual bending to render properly.
-->
<feynml>
 
 <diagram
          id="Diagram1"
          incoming="2"
          outgoing="3"
          sign="+"
          symmmetry_factor="1"
 >


  <vertex id="Vert1">
  </vertex>

  <vertex id="Vert2">
  </vertex>

  <vertex id="Vert3">
  </vertex>



  <leg id="In1">
        <name>i28533896172696947i</name>
        <sense>incoming</sense>
        <target>Vert1</target>
        <momentum>
          <name>p1</name>
        </momentum>
  </leg>

  <leg id="In2">
        <name>i111460582454643i</name>
        <sense>incoming</sense>
        <target>Vert1</target>
        <momentum>
          <name>p2</name>
        </momentum>
  </leg>



  <leg id="Out1">
        <name>i117i</name>
        <sense>outgoing</sense>
        <target>Vert2</target>
        <momentum>
          <name>p3</name>
        </momentum>
  </leg>

  <leg id="Out2">
        <name>i504111456626i</name>
        <sense>outgoing</sense>
        <target>Vert3</target>
        <momentum>
          <name>p4</name>
        </momentum>
  </leg>

  <leg id="Out3">
        <name>i103i</name>
        <sense>outgoing</sense>
        <target>Vert2</target>
        <momentum>
          <name>p5</name>
        </momentum>
  </leg>



  <propagator id="Prop1">
        <name>i444016192865i</name>
        <source>Vert3</source>
        <target>Vert1</target>
        <momentum>
          <name>-p1-p2</name>
        </momentum>
  </propagator>

  <propagator id="Prop2">
        <name>i117i</name>
        <source>Vert3</source>
        <target>Vert2</target>
        <momentum>
          <name>p3+p5</name>
        </momentum>
  </propagator>


 </diagram>
 
 <diagram
          id="Diagram2"
          incoming="2"
          outgoing="3"
          sign="+"
          symmmetry_factor="1"
 >


  <vertex id="Vert1">
  </vertex>

  <vertex id="Vert2">
  </vertex>

  <vertex id="Vert3">
  </vertex>



  <leg id="In1">
        <name>i28533896172696947i</name>
        <sense>incoming</sense>
        <target>Vert1</target>
        <momentum>
          <name>p1</name>
        </momentum>
  </leg>

  <leg id="In2">
        <name>i111460582454643i</name>
        <sense>incoming</sense>
        <target>Vert1</target>
        <momentum>
          <name>p2</name>
        </momentum>
  </leg>



  <leg id="Out1">
        <name>i117i</name>
        <sense>outgoing</sense>
        <target>Vert2</target>
        <momentum>
          <name>p3</name>
        </momentum>
  </leg>

  <leg id="Out2">
        <name>i504111456626i</name>
        <sense>outgoing</sense>
        <target>Vert3</target>
        <momentum>
          <name>p4</name>
        </momentum>
  </leg>

  <leg id="Out3">
        <name>i103i</name>
        <sense>outgoing</sense>
        <target>Vert2</target>
        <momentum>
          <name>p5</name>
        </momentum>
  </leg>



  <propagator id="Prop1">
        <name>i5922608i</name>
        <source>Vert3</source>
        <target>Vert1</target>
        <momentum>
          <name>-p1-p2</name>
        </momentum>
  </propagator>

  <propagator id="Prop2">
        <name>i117i</name>
        <source>Vert3</source>
        <target>Vert2</target>
        <momentum>
          <name>p3+p5</name>
        </momentum>
  </propagator>


 </diagram>
 
 <diagram
          id="Diagram3"
          incoming="2"
          outgoing="3"
          sign="+"
          symmmetry_factor="1"
 >


  <vertex id="Vert1">
  </vertex>

  <vertex id="Vert2">
  </vertex>

  <vertex id="Vert3">
  </vertex>



  <leg id="In1">
        <name>i28533896172696947i</name>
        <sense>incoming</sense>
        <target>Vert1</target>
        <momentum>
          <name>p1</name>
        </momentum>
  </leg>

  <leg id="In2">
        <name>i111460582454643i</name>
        <sense>incoming</sense>
        <target>Vert1</target>
        <momentum>
          <name>p2</name>
        </momentum>
  </leg>



  <leg id="Out1">
        <name>i117i</name>
        <sense>outgoing</sense>
        <target>Vert3</target>
        <momentum>
          <name>p3</name>
        </momentum>
  </leg>

  <leg id="Out2">
        <name>i504111456626i</name>
        <sense>outgoing</sense>
        <target>Vert2</target>
        <momentum>
          <name>p4</name>
        </momentum>
  </leg>

  <leg id="Out3">
        <name>i103i</name>
        <sense>outgoing</sense>
        <target>Vert2</target>
        <momentum>
          <name>p5</name>
        </momentum>
  </leg>



  <propagator id="Prop1">
        <name>i444016192865i</name>
        <source>Vert3</source>
        <target>Vert1</target>
        <momentum>
          <name>-p1-p2</name>
        </momentum>
  </propagator>

  <propagator id="Prop2">
        <name>i117i</name>
        <source>Vert2</source>
        <target>Vert3</target>
        <momentum>
          <name>-p4-p5</name>
        </momentum>
  </propagator>


 </diagram>
 
 <diagram
          id="Diagram4"
          incoming="2"
          outgoing="3"
          sign="+"
          symmmetry_factor="1"
 >


  <vertex id="Vert1">
  </vertex>

  <vertex id="Vert2">
  </vertex>

  <vertex id="Vert3">
  </vertex>



  <leg id="In1">
        <name>i28533896172696947i</name>
        <sense>incoming</sense>
        <target>Vert1</target>
        <momentum>
          <name>p1</name>
        </momentum>
  </leg>

  <leg id="In2">
        <name>i111460582454643i</name>
        <sense>incoming</sense>
        <target>Vert1</target>
        <momentum>
          <name>p2</name>
        </momentum>
  </leg>



  <leg id="Out1">
        <name>i117i</name>
        <sense>outgoing</sense>
        <target>Vert3</target>
        <momentum>
          <name>p3</name>
        </momentum>
  </leg>

  <leg id="Out2">
        <name>i504111456626i</name>
        <sense>outgoing</sense>
        <target>Vert2</target>
        <momentum>
          <name>p4</name>
        </momentum>
  </leg>

  <leg id="Out3">
        <name>i103i</name>
        <sense>outgoing</sense>
        <target>Vert2</target>
        <momentum>
          <name>p5</name>
        </momentum>
  </leg>



  <propagator id="Prop1">
        <name>i5922608i</name>
        <source>Vert3</source>
        <target>Vert1</target>
        <momentum>
          <name>-p1-p2</name>
        </momentum>
  </propagator>

  <propagator id="Prop2">
        <name>i117i</name>
        <source>Vert2</source>
        <target>Vert3</target>
        <momentum>
          <name>-p4-p5</name>
        </momentum>
  </propagator>


 </diagram>
</feynml>

<!-- end -->
